<?xml version="1.0" encoding="UTF-8"?>
<!-- Generated by org.testng.reporters.JUnitReportReporter -->
<testsuite skipped="0" hostname="LAPTOP-VHHEQA0O" name="githubfinal.SampleGit" tests="1" failures="0" timestamp="05 Dec 2018 17:45:10 GMT" time="16.330" errors="0">
  <testcase name="openBrowser" time="16.330" classname="githubfinal.SampleGit"/>
</testsuite> <!-- githubfinal.SampleGit -->
